<?xml version="1.0" encoding="UTF-8" ?>
<testsuite failures="1" time="38.856" errors="0" skipped="0" tests="7" name="com.qsoft.TicTacToe.TicTacToeTest">
  <properties>
[...]
</properties>
  <testcase time="3.187" classname="com.qsoft.TicTacToe.TicTacToeTest" name="testJustStartAndStopGame"/>
  <testcase time="5.021" classname="com.qsoft.TicTacToe.TicTacToeTest" name="testStartDoSomeThingAndStop"/>
  <testcase time="7.157" classname="com.qsoft.TicTacToe.TicTacToeTest" name="testPlayAllMatch"/>
  <testcase time="5.116" classname="com.qsoft.TicTacToe.TicTacToeTest" name="testDoSomeThingAndTheWinnerIsX"/>
  <testcase time="5.847" classname="com.qsoft.TicTacToe.TicTacToeTest" name="testDoSomeThingAndTheWinnerIsO"/>
  <testcase time="5.82" classname="com.qsoft.TicTacToe.TicTacToeTest" name="testResetUIAfterClickingStartButton"/>
  <testcase time="6.682" classname="com.qsoft.TicTacToe.TicTacToeTest" name="testShowHistory">
    <failure message="
Tried to find:
    exactly 1 JTable ()
    in exactly 1 JFrame (with name &quot;TicTacToeMain&quot; and showing on screen)
    in all top level windows
and check that it is with row with cells with text &quot;1&quot;, with text &quot;&quot;, with text &quot;1-2,2-2,1-3,2-3,&quot;
but:
    all top level windows
    contained 1 JFrame (with name &quot;TicTacToeMain&quot; and showing on screen)
    contained 1 JTable ()
   it is not with row with cells with text &quot;1&quot;, with text &quot;&quot;, with text &quot;1-2,2-2,1-3,2-3,&quot;" type="java.lang.AssertionError">java.lang.AssertionError: 
Tried to find:
    exactly 1 JTable ()
    in exactly 1 JFrame (with name &quot;TicTacToeMain&quot; and showing on screen)
    in all top level windows
and check that it is with row with cells with text &quot;1&quot;, with text &quot;&quot;, with text &quot;1-2,2-2,1-3,2-3,&quot;
but:
    all top level windows
    contained 1 JFrame (with name &quot;TicTacToeMain&quot; and showing on screen)
    contained 1 JTable ()
   it is not with row with cells with text &quot;1&quot;, with text &quot;&quot;, with text &quot;1-2,2-2,1-3,2-3,&quot;
	at com.objogate.wl.PollingProber.check(PollingProber.java:38)
	at com.objogate.wl.swing.driver.ComponentDriver.check(ComponentDriver.java:62)
	at com.objogate.wl.swing.driver.ComponentDriver.is(ComponentDriver.java:115)
	at com.objogate.wl.swing.driver.JTableDriver.hasRow(JTableDriver.java:107)
	at com.qsoft.TicTacToe.TicTacToeUIDriver.hasHistoryTable(TicTacToeUIDriver.java:70)
	at com.qsoft.TicTacToe.ApplicationRunner.hasHistoryTableInUI(ApplicationRunner.java:160)
	at com.qsoft.TicTacToe.TicTacToeTest.testShowHistory(TicTacToeTest.java:83)
	at sun.reflect.NativeMethodAccessorImpl.invoke0(Native Method)
	at sun.reflect.NativeMethodAccessorImpl.invoke(NativeMethodAccessorImpl.java:39)
	at sun.reflect.DelegatingMethodAccessorImpl.invoke(DelegatingMethodAccessorImpl.java:25)
	at java.lang.reflect.Method.invoke(Method.java:597)
	at org.junit.runners.model.FrameworkMethod$1.runReflectiveCall(FrameworkMethod.java:44)
	at org.junit.internal.runners.model.ReflectiveCallable.run(ReflectiveCallable.java:15)
	at org.junit.runners.model.FrameworkMethod.invokeExplosively(FrameworkMethod.java:41)
	at org.junit.internal.runners.statements.InvokeMethod.evaluate(InvokeMethod.java:20)
	at org.junit.internal.runners.statements.RunBefores.evaluate(RunBefores.java:28)
	at org.junit.internal.runners.statements.RunAfters.evaluate(RunAfters.java:31)
	at org.junit.runners.BlockJUnit4ClassRunner.runChild(BlockJUnit4ClassRunner.java:76)
	at org.junit.runners.BlockJUnit4ClassRunner.runChild(BlockJUnit4ClassRunner.java:50)
	at org.junit.runners.ParentRunner$3.run(ParentRunner.java:193)
	at org.junit.runners.ParentRunner$1.schedule(ParentRunner.java:52)
	at org.junit.runners.ParentRunner.runChildren(ParentRunner.java:191)
	at org.junit.runners.ParentRunner.access$000(ParentRunner.java:42)
	at org.junit.runners.ParentRunner$2.evaluate(ParentRunner.java:184)
	at org.junit.runners.ParentRunner.run(ParentRunner.java:236)
	at org.apache.maven.surefire.junit4.JUnit4TestSet.execute(JUnit4TestSet.java:53)
	at org.apache.maven.surefire.junit4.JUnit4Provider.executeTestSet(JUnit4Provider.java:123)
	at org.apache.maven.surefire.junit4.JUnit4Provider.invoke(JUnit4Provider.java:104)
	at sun.reflect.NativeMethodAccessorImpl.invoke0(Native Method)
	at sun.reflect.NativeMethodAccessorImpl.invoke(NativeMethodAccessorImpl.java:39)
	at sun.reflect.DelegatingMethodAccessorImpl.invoke(DelegatingMethodAccessorImpl.java:25)
	at java.lang.reflect.Method.invoke(Method.java:597)
	at org.apache.maven.surefire.util.ReflectionUtils.invokeMethodWithArray(ReflectionUtils.java:164)
	at org.apache.maven.surefire.booter.ProviderFactory$ProviderProxy.invoke(ProviderFactory.java:110)
	at org.apache.maven.surefire.booter.SurefireStarter.invokeProvider(SurefireStarter.java:175)
	at org.apache.maven.surefire.booter.SurefireStarter.runSuitesInProcessWhenForked(SurefireStarter.java:107)
	at org.apache.maven.surefire.booter.ForkedBooter.main(ForkedBooter.java:68)
</failure>
  </testcase>
</testsuite>